<?xml version="1.0" encoding="UTF-8"?>
<!-- Generated by org.testng.reporters.JUnitReportReporter -->
<testsuite name="example.android.Tests.FollowLinkTest" tests="2" time="89.255" ignored="0" failures="0" timestamp="30 Dec 2020 13:59:21 GMT" skipped="0" hostname="SL-1549.local" errors="0">
  <testcase name="verifyLinkTest" time="48.237" classname="example.android.Tests.FollowLinkTest"/>
  <testcase name="verifyLinkTest" time="41.018" classname="example.android.Tests.FollowLinkTest"/>
</testsuite> <!-- example.android.Tests.FollowLinkTest -->
