<?xml version="1.0" encoding="UTF-8"?>
<!-- Generated by org.testng.reporters.JUnitReportReporter -->
<testsuite name="example.ios.Tests.TextInputTest" tests="2" time="195.283" ignored="0" failures="0" timestamp="30 Dec 2020 13:59:21 GMT" skipped="0" hostname="SL-1549.local" errors="0">
  <testcase name="verifyCommentInputTest" time="76.289" classname="example.ios.Tests.TextInputTest"/>
  <testcase name="verifyCommentInputTest" time="118.994" classname="example.ios.Tests.TextInputTest"/>
</testsuite> <!-- example.ios.Tests.TextInputTest -->
