<?xml version="1.0" encoding="UTF-8"?>
<!-- Generated by org.testng.reporters.JUnitReportReporter -->
<testsuite name="example.android.Tests.TextInputTest" tests="2" time="97.036" ignored="0" failures="0" timestamp="30 Dec 2020 13:59:21 GMT" skipped="0" hostname="SL-1549.local" errors="0">
  <testcase name="verifyCommentInputTest" time="47.778" classname="example.android.Tests.TextInputTest"/>
  <testcase name="verifyCommentInputTest" time="49.258" classname="example.android.Tests.TextInputTest"/>
</testsuite> <!-- example.android.Tests.TextInputTest -->
